\BOOKMARK [1][-]{section*.1}{\376\377\000R\000e\000p\000o\000r\000t}{}% 1
\BOOKMARK [1][-]{section*.2}{\376\377\0003\000.\0001\000\040\000S\000m\000o\000k\000e\000\040\000T\000e\000s\000t\000i\000n\000g}{}% 2
\BOOKMARK [2][-]{section*.3}{\376\377\0003\000.\0001\000.\0001}{section*.2}% 3
\BOOKMARK [2][-]{section*.4}{\376\377\0003\000.\0001\000.\0002}{section*.2}% 4
\BOOKMARK [2][-]{section*.5}{\376\377\0003\000.\0001\000.\0003}{section*.2}% 5
\BOOKMARK [1][-]{section*.6}{\376\377\0003\000.\0002\000\040\000F\000e\000a\000t\000u\000r\000e\000-\000B\000a\000s\000e\000d\000\040\000T\000e\000s\000t\000i\000n\000g}{}% 6
\BOOKMARK [2][-]{section*.7}{\376\377\0003\000.\0002\000.\0006}{section*.6}% 7
\BOOKMARK [2][-]{section*.8}{\376\377\0003\000.\0002\000.\0008}{section*.6}% 8
\BOOKMARK [1][-]{section*.9}{\376\377\0003\000.\0003\000\040\000B\000o\000u\000n\000d\000a\000r\000y\000\040\000T\000e\000s\000t\000i\000n\000g}{}% 9
\BOOKMARK [2][-]{section*.10}{\376\377\0003\000.\0003\000.\0009}{section*.9}% 10
\BOOKMARK [1][-]{section*.11}{\376\377\0003\000.\0004\000\040\000U\000n\000d\000e\000r\000s\000t\000a\000n\000d\000i\000n\000g\000\040\000y\000o\000u\000r\000\040\000t\000e\000s\000t\000s}{}% 11
\BOOKMARK [2][-]{section*.12}{\376\377\0003\000.\0004\000.\0001\0001}{section*.11}% 12
\BOOKMARK [2][-]{section*.13}{\376\377\0003\000.\0004\000.\0001\0002}{section*.11}% 13
\BOOKMARK [2][-]{section*.14}{\376\377\0003\000.\0004\000.\0001\0003}{section*.11}% 14
\BOOKMARK [2][-]{section*.15}{\376\377\0003\000.\0004\000.\0001\0004}{section*.11}% 15
\BOOKMARK [2][-]{section*.16}{\376\377\0003\000.\0005}{section*.11}% 16
\BOOKMARK [3][-]{section*.17}{\376\377\0003\000.\0005\000.\0001\0005}{section*.16}% 17
\BOOKMARK [1][-]{section*.18}{\376\377\0004\000.\0003\000\040\000T\000e\000s\000t\000i\000n\000g\000\040\000C\000o\000l\000l\000i\000s\000i\000o\000n\000s}{}% 18
\BOOKMARK [2][-]{section*.19}{\376\377\0004\000.\0003\000.\0002\0000}{section*.18}% 19
\BOOKMARK [2][-]{section*.20}{\376\377\0004\000.\0003\000.\0002\0004}{section*.18}% 20
\BOOKMARK [1][-]{section*.21}{\376\377\0004\000.\0004\000\040\000C\000o\000m\000p\000l\000e\000x\000\040\000T\000e\000s\000t\000s}{}% 21
\BOOKMARK [2][-]{section*.22}{\376\377\0004\000.\0004\000.\0002\0005}{section*.21}% 22
\BOOKMARK [2][-]{section*.23}{\376\377\0004\000.\0004\000.\0002\0006}{section*.21}% 23
\BOOKMARK [3][-]{section*.24}{\376\377\0004\000.\0004\000.\0002\0007}{section*.23}% 24
\BOOKMARK [3][-]{section*.25}{\376\377\0004\000.\0004\000.\0002\0008}{section*.23}% 25
\BOOKMARK [3][-]{section*.26}{\376\377\0004\000.\0004\000.\0002\0009}{section*.23}% 26
\BOOKMARK [1][-]{section*.27}{\376\377\0005\000.\0001\000\040\000S\000t\000a\000t\000e\000\040\000M\000a\000c\000h\000i\000n\000e\000s}{}% 27
\BOOKMARK [2][-]{section*.28}{\376\377\0005\000.\0001\000.\0003\0001}{section*.27}% 28
\BOOKMARK [2][-]{section*.29}{\376\377\0005\000.\0002\000.\0003\0002}{section*.27}% 29
\BOOKMARK [2][-]{section*.30}{\376\377\0005\000.\0002\000.\0003\0003}{section*.27}% 30
\BOOKMARK [1][-]{section*.31}{\376\377\0005\000.\0002\000\040\000M\000u\000l\000t\000i\000-\000L\000e\000v\000e\000l\000\040\000G\000a\000m\000e\000s}{}% 31
\BOOKMARK [2][-]{section*.32}{\376\377\0005\000.\0002\000.\0003\0007}{section*.31}% 32
\BOOKMARK [2][-]{section*.33}{\376\377\0005\000.\0002\000.\0003\0008}{section*.31}% 33
\BOOKMARK [2][-]{section*.34}{\376\377\0005\000.\0002\000.\0004\0001}{section*.31}% 34
\BOOKMARK [2][-]{section*.35}{\376\377\0005\000.\0002\000.}{section*.31}% 35
\BOOKMARK [1][-]{section*.36}{\376\377\0005\000.\0003\000\040\000T\000e\000s\000t\000\040\000S\000m\000e\000l\000l\000s}{}% 36
